<?xml version="1.0" encoding="UTF-8"?>
<testng-results skipped="2" failed="0" total="2" passed="0">
  <reporter-output>
  </reporter-output>
  <suite name="Parallel Tests" duration-ms="9674" started-at="2016-05-29T19:23:19Z" finished-at="2016-05-29T19:23:28Z">
    <groups>
    </groups>
    <test name="Windows+Firefox Test2" duration-ms="6402" started-at="2016-05-29T19:23:19Z" finished-at="2016-05-29T19:23:25Z">
      <class name="com.raghu.selenium.MavenWebDriverGoogleSearch.WhenSearchingForDrupalUsingGoogleTest">
        <test-method status="FAIL" signature="setup(java.lang.String, java.lang.String, java.lang.String, java.lang.String)[pri:0, instance:com.raghu.selenium.MavenWebDriverGoogleSearch.WhenSearchingForDrupalUsingGoogleTest@1e88b3c]" name="setup" is-config="true" duration-ms="0" started-at="2016-05-29T12:23:19Z" finished-at="2016-05-29T12:23:19Z">
          <params>
            <param index="0">
              <value>
                <![CDATA[WIN10]]>
              </value>
            </param>
            <param index="1">
              <value>
                <![CDATA[firefox]]>
              </value>
            </param>
            <param index="2">
              <value>
                <![CDATA[38.0]]>
              </value>
            </param>
            <param index="3">
              <value>
                <![CDATA[http://www.google.com]]>
              </value>
            </param>
          </params>
          <exception class="org.openqa.selenium.WebDriverException">
            <message>
              <![CDATA[this.getChromeWindowFromDocumentWindow(...) is undefined
Build info: version: '2.53.0', revision: '35ae25b', time: '2016-03-15 17:00:58'
System info: host: 'WINDOWS-SCVSMII', ip: '192.168.1.12', os.name: 'Windows 10', os.arch: 'amd64', os.version: '10.0', java.version: '1.8.0_71'
Driver info: driver.version: unknown
Command duration or timeout: 314 milliseconds
Build info: version: '2.25.0', revision: '17482', time: '2012-07-18 22:18:01'
System info: os.name: 'Windows 10', os.arch: 'amd64', os.version: '10.0', java.version: '1.8.0_71'
Driver info: driver.version: RemoteWebDriver
Session ID: fb0353e4-e42f-4a2f-b220-0ec96e5b3f9c]]>
            </message>
            <full-stacktrace>
              <![CDATA[org.openqa.selenium.WebDriverException: this.getChromeWindowFromDocumentWindow(...) is undefined
Build info: version: '2.53.0', revision: '35ae25b', time: '2016-03-15 17:00:58'
System info: host: 'WINDOWS-SCVSMII', ip: '192.168.1.12', os.name: 'Windows 10', os.arch: 'amd64', os.version: '10.0', java.version: '1.8.0_71'
Driver info: driver.version: unknown
Command duration or timeout: 314 milliseconds
Build info: version: '2.25.0', revision: '17482', time: '2012-07-18 22:18:01'
System info: os.name: 'Windows 10', os.arch: 'amd64', os.version: '10.0', java.version: '1.8.0_71'
Driver info: driver.version: RemoteWebDriver
Session ID: fb0353e4-e42f-4a2f-b220-0ec96e5b3f9c
	at sun.reflect.NativeConstructorAccessorImpl.newInstance0(Native Method)
	at sun.reflect.NativeConstructorAccessorImpl.newInstance(Unknown Source)
	at sun.reflect.DelegatingConstructorAccessorImpl.newInstance(Unknown Source)
	at java.lang.reflect.Constructor.newInstance(Unknown Source)
	at org.openqa.selenium.remote.ErrorHandler.createThrowable(ErrorHandler.java:188)
	at org.openqa.selenium.remote.ErrorHandler.throwIfResponseFailed(ErrorHandler.java:145)
	at org.openqa.selenium.remote.RemoteWebDriver.execute(RemoteWebDriver.java:498)
	at org.openqa.selenium.remote.RemoteWebDriver$RemoteWebDriverOptions$RemoteWindow.maximize(RemoteWebDriver.java:709)
	at com.raghu.selenium.MavenWebDriverGoogleSearch.TestSuiteBase.getDriverInstance(TestSuiteBase.java:57)
	at com.raghu.selenium.MavenWebDriverGoogleSearch.TestSuiteBase.setup(TestSuiteBase.java:28)
	at sun.reflect.NativeMethodAccessorImpl.invoke0(Native Method)
	at sun.reflect.NativeMethodAccessorImpl.invoke(Unknown Source)
	at sun.reflect.DelegatingMethodAccessorImpl.invoke(Unknown Source)
	at java.lang.reflect.Method.invoke(Unknown Source)
	at org.testng.internal.MethodInvocationHelper.invokeMethod(MethodInvocationHelper.java:80)
	at org.testng.internal.Invoker.invokeConfigurationMethod(Invoker.java:564)
	at org.testng.internal.Invoker.invokeConfigurations(Invoker.java:213)
	at org.testng.internal.Invoker.invokeConfigurations(Invoker.java:138)
	at org.testng.internal.TestMethodWorker.invokeBeforeClassMethods(TestMethodWorker.java:175)
	at org.testng.internal.TestMethodWorker.run(TestMethodWorker.java:107)
	at org.testng.TestRunner.privateRun(TestRunner.java:767)
	at org.testng.TestRunner.run(TestRunner.java:617)
	at org.testng.SuiteRunner.runTest(SuiteRunner.java:334)
	at org.testng.SuiteRunner.access$000(SuiteRunner.java:37)
	at org.testng.SuiteRunner$SuiteWorker.run(SuiteRunner.java:368)
	at org.testng.internal.thread.ThreadUtil$2.call(ThreadUtil.java:64)
	at java.util.concurrent.FutureTask.run(Unknown Source)
	at java.util.concurrent.ThreadPoolExecutor.runWorker(Unknown Source)
	at java.util.concurrent.ThreadPoolExecutor$Worker.run(Unknown Source)
	at java.lang.Thread.run(Unknown Source)
Caused by: org.openqa.selenium.WebDriverException: this.getChromeWindowFromDocumentWindow(...) is undefined
Build info: version: '2.53.0', revision: '35ae25b', time: '2016-03-15 17:00:58'
System info: host: 'WINDOWS-SCVSMII', ip: '192.168.1.12', os.name: 'Windows 10', os.arch: 'amd64', os.version: '10.0', java.version: '1.8.0_71'
Driver info: driver.version: unknown
Build info: version: '2.25.0', revision: '17482', time: '2012-07-18 22:18:01'
System info: os.name: 'Windows 10', os.arch: 'amd64', os.version: '10.0', java.version: '1.8.0_71'
Driver info: driver.version: unknown
	at <anonymous class>.FirefoxDriver.prototype.maximizeWindow(file:///C:/Users/KUSHA_~1/AppData/Local/Temp/anonymous2060801265124292540webdriver-profile/extensions/fxdriver@googlecode.com/components/driver-component.js:11140)
	at <anonymous class>.DelayedCommand.prototype.executeInternal_/h(file:///C:/Users/KUSHA_~1/AppData/Local/Temp/anonymous2060801265124292540webdriver-profile/extensions/fxdriver@googlecode.com/components/command-processor.js:12661)
	at <anonymous class>.DelayedCommand.prototype.executeInternal_(file:///C:/Users/KUSHA_~1/AppData/Local/Temp/anonymous2060801265124292540webdriver-profile/extensions/fxdriver@googlecode.com/components/command-processor.js:12666)
	at <anonymous class>.DelayedCommand.prototype.execute/<(file:///C:/Users/KUSHA_~1/AppData/Local/Temp/anonymous2060801265124292540webdriver-profile/extensions/fxdriver@googlecode.com/components/command-processor.js:12608)
]]>
            </full-stacktrace>
          </exception> <!-- org.openqa.selenium.WebDriverException -->
          <reporter-output>
          </reporter-output>
        </test-method> <!-- setup -->
        <test-method status="SKIP" signature="pageTitleAfterSearchShouldBeginWithDrupal()[pri:0, instance:com.raghu.selenium.MavenWebDriverGoogleSearch.WhenSearchingForDrupalUsingGoogleTest@1e88b3c]" name="pageTitleAfterSearchShouldBeginWithDrupal" duration-ms="2" started-at="2016-05-29T12:23:25Z" finished-at="2016-05-29T12:23:25Z">
          <reporter-output>
          </reporter-output>
        </test-method> <!-- pageTitleAfterSearchShouldBeginWithDrupal -->
        <test-method status="SKIP" signature="saveScreenshotAndCloseBrowser()[pri:0, instance:com.raghu.selenium.MavenWebDriverGoogleSearch.WhenSearchingForDrupalUsingGoogleTest@1e88b3c]" name="saveScreenshotAndCloseBrowser" is-config="true" duration-ms="0" started-at="2016-05-29T12:23:25Z" finished-at="2016-05-29T12:23:25Z">
          <reporter-output>
          </reporter-output>
        </test-method> <!-- saveScreenshotAndCloseBrowser -->
        <test-method status="SKIP" signature="afterClass()[pri:0, instance:com.raghu.selenium.MavenWebDriverGoogleSearch.WhenSearchingForDrupalUsingGoogleTest@1e88b3c]" name="afterClass" is-config="true" duration-ms="0" started-at="2016-05-29T12:23:25Z" finished-at="2016-05-29T12:23:25Z">
          <reporter-output>
          </reporter-output>
        </test-method> <!-- afterClass -->
      </class> <!-- com.raghu.selenium.MavenWebDriverGoogleSearch.WhenSearchingForDrupalUsingGoogleTest -->
    </test> <!-- Windows+Firefox Test2 -->
    <test name="Windows+Firefox Test" duration-ms="9674" started-at="2016-05-29T19:23:19Z" finished-at="2016-05-29T19:23:28Z">
      <class name="com.raghu.selenium.MavenWebDriverGoogleSearch.WhenSearchingForDrupalUsingGoogleTest">
        <test-method status="FAIL" signature="setup(java.lang.String, java.lang.String, java.lang.String, java.lang.String)[pri:0, instance:com.raghu.selenium.MavenWebDriverGoogleSearch.WhenSearchingForDrupalUsingGoogleTest@457e2f02]" name="setup" is-config="true" duration-ms="0" started-at="2016-05-29T12:23:19Z" finished-at="2016-05-29T12:23:19Z">
          <params>
            <param index="0">
              <value>
                <![CDATA[WIN10]]>
              </value>
            </param>
            <param index="1">
              <value>
                <![CDATA[firefox]]>
              </value>
            </param>
            <param index="2">
              <value>
                <![CDATA[38.0]]>
              </value>
            </param>
            <param index="3">
              <value>
                <![CDATA[http://www.google.com]]>
              </value>
            </param>
          </params>
          <exception class="org.openqa.selenium.WebDriverException">
            <message>
              <![CDATA[this.getChromeWindowFromDocumentWindow(...) is undefined
Build info: version: '2.53.0', revision: '35ae25b', time: '2016-03-15 17:00:58'
System info: host: 'WINDOWS-SCVSMII', ip: '192.168.1.12', os.name: 'Windows 10', os.arch: 'amd64', os.version: '10.0', java.version: '1.8.0_71'
Driver info: driver.version: unknown
Command duration or timeout: 421 milliseconds
Build info: version: '2.25.0', revision: '17482', time: '2012-07-18 22:18:01'
System info: os.name: 'Windows 10', os.arch: 'amd64', os.version: '10.0', java.version: '1.8.0_71'
Driver info: driver.version: RemoteWebDriver
Session ID: 697d52a2-58e8-4ecd-9b62-50c1964969ca]]>
            </message>
            <full-stacktrace>
              <![CDATA[org.openqa.selenium.WebDriverException: this.getChromeWindowFromDocumentWindow(...) is undefined
Build info: version: '2.53.0', revision: '35ae25b', time: '2016-03-15 17:00:58'
System info: host: 'WINDOWS-SCVSMII', ip: '192.168.1.12', os.name: 'Windows 10', os.arch: 'amd64', os.version: '10.0', java.version: '1.8.0_71'
Driver info: driver.version: unknown
Command duration or timeout: 421 milliseconds
Build info: version: '2.25.0', revision: '17482', time: '2012-07-18 22:18:01'
System info: os.name: 'Windows 10', os.arch: 'amd64', os.version: '10.0', java.version: '1.8.0_71'
Driver info: driver.version: RemoteWebDriver
Session ID: 697d52a2-58e8-4ecd-9b62-50c1964969ca
	at sun.reflect.NativeConstructorAccessorImpl.newInstance0(Native Method)
	at sun.reflect.NativeConstructorAccessorImpl.newInstance(Unknown Source)
	at sun.reflect.DelegatingConstructorAccessorImpl.newInstance(Unknown Source)
	at java.lang.reflect.Constructor.newInstance(Unknown Source)
	at org.openqa.selenium.remote.ErrorHandler.createThrowable(ErrorHandler.java:188)
	at org.openqa.selenium.remote.ErrorHandler.throwIfResponseFailed(ErrorHandler.java:145)
	at org.openqa.selenium.remote.RemoteWebDriver.execute(RemoteWebDriver.java:498)
	at org.openqa.selenium.remote.RemoteWebDriver$RemoteWebDriverOptions$RemoteWindow.maximize(RemoteWebDriver.java:709)
	at com.raghu.selenium.MavenWebDriverGoogleSearch.TestSuiteBase.getDriverInstance(TestSuiteBase.java:57)
	at com.raghu.selenium.MavenWebDriverGoogleSearch.TestSuiteBase.setup(TestSuiteBase.java:28)
	at sun.reflect.NativeMethodAccessorImpl.invoke0(Native Method)
	at sun.reflect.NativeMethodAccessorImpl.invoke(Unknown Source)
	at sun.reflect.DelegatingMethodAccessorImpl.invoke(Unknown Source)
	at java.lang.reflect.Method.invoke(Unknown Source)
	at org.testng.internal.MethodInvocationHelper.invokeMethod(MethodInvocationHelper.java:80)
	at org.testng.internal.Invoker.invokeConfigurationMethod(Invoker.java:564)
	at org.testng.internal.Invoker.invokeConfigurations(Invoker.java:213)
	at org.testng.internal.Invoker.invokeConfigurations(Invoker.java:138)
	at org.testng.internal.TestMethodWorker.invokeBeforeClassMethods(TestMethodWorker.java:175)
	at org.testng.internal.TestMethodWorker.run(TestMethodWorker.java:107)
	at org.testng.TestRunner.privateRun(TestRunner.java:767)
	at org.testng.TestRunner.run(TestRunner.java:617)
	at org.testng.SuiteRunner.runTest(SuiteRunner.java:334)
	at org.testng.SuiteRunner.access$000(SuiteRunner.java:37)
	at org.testng.SuiteRunner$SuiteWorker.run(SuiteRunner.java:368)
	at org.testng.internal.thread.ThreadUtil$2.call(ThreadUtil.java:64)
	at java.util.concurrent.FutureTask.run(Unknown Source)
	at java.util.concurrent.ThreadPoolExecutor.runWorker(Unknown Source)
	at java.util.concurrent.ThreadPoolExecutor$Worker.run(Unknown Source)
	at java.lang.Thread.run(Unknown Source)
Caused by: org.openqa.selenium.WebDriverException: this.getChromeWindowFromDocumentWindow(...) is undefined
Build info: version: '2.53.0', revision: '35ae25b', time: '2016-03-15 17:00:58'
System info: host: 'WINDOWS-SCVSMII', ip: '192.168.1.12', os.name: 'Windows 10', os.arch: 'amd64', os.version: '10.0', java.version: '1.8.0_71'
Driver info: driver.version: unknown
Build info: version: '2.25.0', revision: '17482', time: '2012-07-18 22:18:01'
System info: os.name: 'Windows 10', os.arch: 'amd64', os.version: '10.0', java.version: '1.8.0_71'
Driver info: driver.version: unknown
	at <anonymous class>.FirefoxDriver.prototype.maximizeWindow(file:///C:/Users/KUSHA_~1/AppData/Local/Temp/anonymous8837758601507328082webdriver-profile/extensions/fxdriver@googlecode.com/components/driver-component.js:11140)
	at <anonymous class>.DelayedCommand.prototype.executeInternal_/h(file:///C:/Users/KUSHA_~1/AppData/Local/Temp/anonymous8837758601507328082webdriver-profile/extensions/fxdriver@googlecode.com/components/command-processor.js:12661)
	at <anonymous class>.DelayedCommand.prototype.executeInternal_(file:///C:/Users/KUSHA_~1/AppData/Local/Temp/anonymous8837758601507328082webdriver-profile/extensions/fxdriver@googlecode.com/components/command-processor.js:12666)
	at <anonymous class>.DelayedCommand.prototype.execute/<(file:///C:/Users/KUSHA_~1/AppData/Local/Temp/anonymous8837758601507328082webdriver-profile/extensions/fxdriver@googlecode.com/components/command-processor.js:12608)
]]>
            </full-stacktrace>
          </exception> <!-- org.openqa.selenium.WebDriverException -->
          <reporter-output>
          </reporter-output>
        </test-method> <!-- setup -->
        <test-method status="SKIP" signature="pageTitleAfterSearchShouldBeginWithDrupal()[pri:0, instance:com.raghu.selenium.MavenWebDriverGoogleSearch.WhenSearchingForDrupalUsingGoogleTest@457e2f02]" name="pageTitleAfterSearchShouldBeginWithDrupal" duration-ms="2" started-at="2016-05-29T12:23:28Z" finished-at="2016-05-29T12:23:28Z">
          <reporter-output>
          </reporter-output>
        </test-method> <!-- pageTitleAfterSearchShouldBeginWithDrupal -->
        <test-method status="SKIP" signature="saveScreenshotAndCloseBrowser()[pri:0, instance:com.raghu.selenium.MavenWebDriverGoogleSearch.WhenSearchingForDrupalUsingGoogleTest@457e2f02]" name="saveScreenshotAndCloseBrowser" is-config="true" duration-ms="0" started-at="2016-05-29T12:23:28Z" finished-at="2016-05-29T12:23:28Z">
          <reporter-output>
          </reporter-output>
        </test-method> <!-- saveScreenshotAndCloseBrowser -->
        <test-method status="SKIP" signature="afterClass()[pri:0, instance:com.raghu.selenium.MavenWebDriverGoogleSearch.WhenSearchingForDrupalUsingGoogleTest@457e2f02]" name="afterClass" is-config="true" duration-ms="0" started-at="2016-05-29T12:23:28Z" finished-at="2016-05-29T12:23:28Z">
          <reporter-output>
          </reporter-output>
        </test-method> <!-- afterClass -->
      </class> <!-- com.raghu.selenium.MavenWebDriverGoogleSearch.WhenSearchingForDrupalUsingGoogleTest -->
    </test> <!-- Windows+Firefox Test -->
  </suite> <!-- Parallel Tests -->
</testng-results>
